<?xml version="1.0" encoding="UTF-8"?>
<testsuite name="com.wordz.domain.ScoreTest" tests="1" skipped="0" failures="0" errors="0" timestamp="2024-01-29T18:13:28" hostname="LOGAN2" time="0.017">
  <properties/>
  <testcase name="addTest()" classname="com.wordz.domain.ScoreTest" time="0.017"/>
  <system-out><![CDATA[]]></system-out>
  <system-err><![CDATA[]]></system-err>
</testsuite>
